{"time":"error","logger":"2022-02-25T16:33:57.562+0800","stacktrace":"D:/go_path/go_practise/demo/robot_demo/bootstrap/exception/response_init.go:32","msg":"404 /get","serviceName":"error"}
{"time":"error","logger":"2022-02-25T16:33:57.564+0800","stacktrace":"D:/go_path/go_practise/demo/robot_demo/bootstrap/exception/response_init.go:32","msg":"200 /get","serviceName":"error"}
{"time":"error","logger":"2022-02-25T16:34:22.835+0800","stacktrace":"D:/go_path/go_practise/demo/robot_demo/bootstrap/exception/response_init.go:32","msg":"404 /get","serviceName":"error"}
{"time":"error","logger":"2022-02-25T16:34:22.835+0800","stacktrace":"D:/go_path/go_practise/demo/robot_demo/bootstrap/exception/response_init.go:32","msg":"200 /get","serviceName":"error"}
{"time":"error","logger":"2022-02-25T16:35:19.480+0800","stacktrace":"D:/go_path/go_practise/demo/robot_demo/bootstrap/exception/response_init.go:32","msg":"404 /bot/get","serviceName":"error"}
{"time":"error","logger":"2022-02-25T16:35:19.481+0800","stacktrace":"D:/go_path/go_practise/demo/robot_demo/bootstrap/exception/response_init.go:32","msg":"200 /bot/get","serviceName":"error"}
{"time":"error","logger":"2022-02-25T16:35:49.431+0800","stacktrace":"D:/go_path/go_practise/demo/robot_demo/bootstrap/exception/response_init.go:32","msg":"404 /bot/get","serviceName":"error"}
{"time":"error","logger":"2022-02-25T16:35:49.431+0800","stacktrace":"D:/go_path/go_practise/demo/robot_demo/bootstrap/exception/response_init.go:32","msg":"200 /bot/get","serviceName":"error"}
{"time":"error","logger":"2022-02-25T16:36:07.294+0800","stacktrace":"D:/go_path/go_practise/demo/robot_demo/bootstrap/exception/response_init.go:32","msg":"404 /bot/get","serviceName":"error"}
{"time":"error","logger":"2022-02-25T16:36:07.294+0800","stacktrace":"D:/go_path/go_practise/demo/robot_demo/bootstrap/exception/response_init.go:32","msg":"200 /bot/get","serviceName":"error"}
{"time":"error","logger":"2022-02-25T16:36:45.782+0800","stacktrace":"D:/go_path/go_practise/demo/robot_demo/bootstrap/exception/response_init.go:32","msg":"404 /bot/get","serviceName":"error"}
{"time":"error","logger":"2022-02-25T16:36:45.783+0800","stacktrace":"D:/go_path/go_practise/demo/robot_demo/bootstrap/exception/response_init.go:32","msg":"200 /bot/get","serviceName":"error"}
{"time":"error","logger":"2022-02-25T16:37:41.557+0800","stacktrace":"D:/go_path/go_practise/demo/robot_demo/bootstrap/exception/response_init.go:32","msg":"404 /bot/get","serviceName":"error"}
{"time":"error","logger":"2022-02-25T16:37:41.559+0800","stacktrace":"D:/go_path/go_practise/demo/robot_demo/bootstrap/exception/response_init.go:32","msg":"200 /bot/get","serviceName":"error"}
{"time":"error","logger":"2022-02-25T16:37:48.928+0800","stacktrace":"D:/go_path/go_practise/demo/robot_demo/bootstrap/exception/response_init.go:32","msg":"404 /bot/get","serviceName":"error"}
{"time":"error","logger":"2022-02-25T16:37:48.928+0800","stacktrace":"D:/go_path/go_practise/demo/robot_demo/bootstrap/exception/response_init.go:32","msg":"200 /bot/get","serviceName":"error"}
{"time":"error","logger":"2022-02-25T16:46:01.411+0800","stacktrace":"D:/go_path/go_practise/demo/robot_demo/bootstrap/exception/response_init.go:32","msg":"404 /bot/get","serviceName":"error"}
{"time":"error","logger":"2022-02-25T16:46:07.011+0800","stacktrace":"D:/go_path/go_practise/demo/robot_demo/bootstrap/exception/response_init.go:32","msg":"404 /ribot/get","serviceName":"error"}
{"time":"error","logger":"2022-02-25T16:46:27.249+0800","stacktrace":"D:/go_path/go_practise/demo/robot_demo/bootstrap/exception/response_init.go:32","msg":"404 /robot/get","serviceName":"error"}
{"time":"error","logger":"2022-02-25T16:54:37.130+0800","stacktrace":"D:/go_path/go_practise/demo/robot_demo/bootstrap/response/response_init.go:32","msg":"404 /robot/get","serviceName":"error"}
{"time":"error","logger":"2022-02-25T16:54:45.130+0800","stacktrace":"D:/go_path/go_practise/demo/robot_demo/bootstrap/response/response_init.go:32","msg":"404 /get","serviceName":"error"}
{"time":"error","logger":"2022-02-25T16:54:52.559+0800","stacktrace":"D:/go_path/go_practise/demo/robot_demo/bootstrap/response/response_init.go:32","msg":"404 /get","serviceName":"error"}
{"time":"error","logger":"2022-02-25T17:15:53.355+0800","stacktrace":"D:/go_path/go_practise/demo/robot_demo/bootstrap/response/response_init.go:32","msg":"404 /robot/ngiht","serviceName":"error"}
{"time":"error","logger":"2022-02-25T17:16:03.367+0800","stacktrace":"D:/go_path/go_practise/demo/robot_demo/bootstrap/response/response_init.go:32","msg":"404 /robot/nignt","serviceName":"error"}
{"time":"error","logger":"2022-02-27T00:38:54.026+0800","stacktrace":"D:/go_path/go_practise/demo/robot_demo/bootstrap/response/response_init.go:32","msg":"404 /qq/getNum","serviceName":"error"}
{"time":"error","logger":"2022-02-27T00:41:59.558+0800","stacktrace":"D:/go_path/go_practise/demo/robot_demo/bootstrap/response/response_init.go:32","msg":"404 /qq/getNum","serviceName":"error"}
{"time":"error","logger":"2022-02-27T00:42:08.496+0800","stacktrace":"D:/go_path/go_practise/demo/robot_demo/bootstrap/response/response_init.go:32","msg":"404 /qq/getNum","serviceName":"error"}
{"time":"error","logger":"2022-02-27T04:56:46.452+0800","stacktrace":"D:/go_path/go_practise/demo/robot_demo/bootstrap/response/response_init.go:32","msg":"404 /robot/ping","serviceName":"error"}
{"time":"error","logger":"2022-02-27T04:56:57.164+0800","stacktrace":"D:/go_path/go_practise/demo/robot_demo/bootstrap/response/response_init.go:32","msg":"404 /robot/test","serviceName":"error"}
{"time":"error","logger":"2022-02-27T10:15:28.303+0800","stacktrace":"D:/go_path/go_practise/demo/robot_demo/bootstrap/response/response_init.go:32","msg":"404 /qq/getLie","serviceName":"error"}
{"time":"error","logger":"2022-02-27T11:50:42.131+0800","stacktrace":"D:/go_path/go_practise/demo/robot_demo/bootstrap/websocket/websocket_init.go:26","msg":"dial tcp: lookup tcp///sandbox.api.sgroup.qq.com/websocket: getaddrinfow: The specified class was not found.","serviceName":"error"}
{"time":"error","logger":"2022-02-27T11:51:43.177+0800","stacktrace":"D:/go_path/go_practise/demo/robot_demo/bootstrap/websocket/websocket_init.go:27","msg":"dial tcp: lookup tcp///sandbox.api.sgroup.qq.com/websocket: getaddrinfow: The specified class was not found.","serviceName":"error"}
{"time":"error","logger":"2022-02-27T11:51:55.397+0800","stacktrace":"D:/go_path/go_practise/demo/robot_demo/bootstrap/websocket/websocket_init.go:27","msg":"dial wss: unknown network wss","serviceName":"error"}
{"time":"error","logger":"2022-02-27T11:52:05.959+0800","stacktrace":"D:/go_path/go_practise/demo/robot_demo/bootstrap/websocket/websocket_init.go:27","msg":"dial tcp: lookup tcp///sandbox.api.sgroup.qq.com/websocket: getaddrinfow: The specified class was not found.","serviceName":"error"}
{"time":"error","logger":"2022-02-27T12:04:08.928+0800","stacktrace":"D:/go_path/go_practise/demo/robot_demo/bootstrap/websocket/websocket_init.go:39","msg":"websocket: close 4009: Session timed out","serviceName":"error"}
{"time":"error","logger":"2022-02-27T12:04:08.991+0800","stacktrace":"D:/go_path/go_practise/demo/robot_demo/bootstrap/websocket/websocket_init.go:61","msg":"websocket: close sent","serviceName":"error"}
{"time":"error","logger":"2022-02-27T12:22:15.306+0800","stacktrace":"D:/go_path/go_practise/demo/robot_demo/bootstrap/websocket/websocket_init.go:40","msg":"websocket: close 1006 (abnormal closure): unexpected EOF","serviceName":"error"}
{"time":"error","logger":"2022-02-27T12:34:02.112+0800","stacktrace":"D:/go_path/go_practise/demo/robot_demo/bootstrap/websocket/websocket_init.go:42","msg":"websocket: close 1006 (abnormal closure): unexpected EOF","serviceName":"error"}
{"time":"error","logger":"2022-02-27T12:36:47.594+0800","stacktrace":"D:/go_path/go_practise/demo/robot_demo/bootstrap/websocket/websocket_init.go:42","msg":"websocket: close 1006 (abnormal closure): unexpected EOF","serviceName":"error"}
{"time":"error","logger":"2022-02-27T12:40:23.959+0800","stacktrace":"D:/go_path/go_practise/demo/robot_demo/bootstrap/websocket/websocket_init.go:42","msg":"websocket: close 1006 (abnormal closure): unexpected EOF","serviceName":"error"}
{"time":"error","logger":"2022-02-27T12:44:25.382+0800","stacktrace":"D:/go_path/go_practise/demo/robot_demo/bootstrap/websocket/websocket_init.go:43","msg":"websocket: close 1006 (abnormal closure): unexpected EOF","serviceName":"error"}
{"time":"error","logger":"2022-02-27T12:58:19.766+0800","stacktrace":"D:/go_path/go_practise/demo/robot_demo/bootstrap/websocket/websocket_init.go:48","msg":"websocket: close 1006 (abnormal closure): unexpected EOF","serviceName":"error"}
{"time":"error","logger":"2022-02-27T12:59:43.497+0800","stacktrace":"D:/go_path/go_practise/demo/robot_demo/bootstrap/websocket/websocket_init.go:48","msg":"websocket: close 1006 (abnormal closure): unexpected EOF","serviceName":"error"}
{"time":"error","logger":"2022-02-27T13:02:35.894+0800","stacktrace":"D:/go_path/go_practise/demo/robot_demo/bootstrap/websocket/websocket_init.go:48","msg":"websocket: close 1006 (abnormal closure): unexpected EOF","serviceName":"error"}
{"time":"error","logger":"2022-02-27T19:50:05.659+0800","stacktrace":"D:/go_path/go_practise/demo/robot_demo/bootstrap/websocket/websockett_connect.go:62","msg":"read tcp 192.168.1.11:58456->14.22.6.140:443: wsarecv: A connection attempt failed because the connected party did not properly respond after a period of time, or established connection failed because connected host has failed to respond.","serviceName":"error"}
{"time":"error","logger":"2022-02-27T23:45:54.776+0800","stacktrace":"D:/go_path/go_practise/demo/robot_demo/bootstrap/websocket/websockett_connect.go:80","msg":"read tcp 192.168.1.11:57591->14.22.6.140:443: use of closed network connection","serviceName":"error"}
{"time":"error","logger":"2022-02-27T23:46:48.581+0800","stacktrace":"D:/go_path/go_practise/demo/robot_demo/bootstrap/websocket/websockett_connect.go:82","msg":"read tcp 192.168.1.11:57672->14.22.6.140:443: use of closed network connection","serviceName":"error"}
{"time":"error","logger":"2022-02-27T23:47:11.722+0800","stacktrace":"D:/go_path/go_practise/demo/robot_demo/bootstrap/websocket/websockett_connect.go:82","msg":"read tcp 192.168.1.11:57713->14.22.6.140:443: use of closed network connection","serviceName":"error"}
{"time":"error","logger":"2022-02-27T23:47:38.081+0800","stacktrace":"D:/go_path/go_practise/demo/robot_demo/bootstrap/websocket/websockett_connect.go:82","msg":"read tcp 192.168.1.11:57751->14.22.6.140:443: use of closed network connection","serviceName":"error"}
{"time":"error","logger":"2022-02-27T23:49:42.833+0800","stacktrace":"D:/go_path/go_practise/demo/robot_demo/bootstrap/websocket/websockett_connect.go:82","msg":"read tcp 192.168.1.11:58026->14.22.6.140:443: use of closed network connection","serviceName":"error"}
{"time":"error","logger":"2022-02-27T23:50:33.569+0800","stacktrace":"D:/go_path/go_practise/demo/robot_demo/bootstrap/websocket/websockett_connect.go:82","msg":"read tcp 192.168.1.11:58105->14.22.6.140:443: use of closed network connection","serviceName":"error"}
{"time":"error","logger":"2022-02-27T23:52:11.842+0800","stacktrace":"D:/go_path/go_practise/demo/robot_demo/bootstrap/websocket/websockett_connect.go:83","msg":"read tcp 192.168.1.11:58251->14.22.6.140:443: use of closed network connection","serviceName":"error"}
{"time":"error","logger":"2022-02-28T11:40:22.154+0800","stacktrace":"D:/go_path/go_practise/demo/robot_demo/bootstrap/websocket/websockett_connect.go:152","msg":"use of closed network connection","serviceName":"error"}
{"time":"error","logger":"2022-02-28T11:40:27.144+0800","stacktrace":"D:/go_path/go_practise/demo/robot_demo/bootstrap/websocket/websockett_connect.go:152","msg":"use of closed network connection","serviceName":"error"}
{"time":"error","logger":"2022-02-28T11:40:32.153+0800","stacktrace":"D:/go_path/go_practise/demo/robot_demo/bootstrap/websocket/websockett_connect.go:152","msg":"use of closed network connection","serviceName":"error"}
{"time":"error","logger":"2022-02-28T11:40:37.145+0800","stacktrace":"D:/go_path/go_practise/demo/robot_demo/bootstrap/websocket/websockett_connect.go:152","msg":"use of closed network connection","serviceName":"error"}
{"time":"error","logger":"2022-02-28T11:40:42.140+0800","stacktrace":"D:/go_path/go_practise/demo/robot_demo/bootstrap/websocket/websockett_connect.go:152","msg":"use of closed network connection","serviceName":"error"}
{"time":"error","logger":"2022-02-28T11:40:47.152+0800","stacktrace":"D:/go_path/go_practise/demo/robot_demo/bootstrap/websocket/websockett_connect.go:152","msg":"use of closed network connection","serviceName":"error"}
{"time":"error","logger":"2022-02-28T11:40:52.146+0800","stacktrace":"D:/go_path/go_practise/demo/robot_demo/bootstrap/websocket/websockett_connect.go:152","msg":"use of closed network connection","serviceName":"error"}
{"time":"error","logger":"2022-02-28T11:40:57.142+0800","stacktrace":"D:/go_path/go_practise/demo/robot_demo/bootstrap/websocket/websockett_connect.go:152","msg":"use of closed network connection","serviceName":"error"}
{"time":"error","logger":"2022-02-28T11:41:02.147+0800","stacktrace":"D:/go_path/go_practise/demo/robot_demo/bootstrap/websocket/websockett_connect.go:152","msg":"use of closed network connection","serviceName":"error"}
{"time":"error","logger":"2022-02-28T11:41:07.145+0800","stacktrace":"D:/go_path/go_practise/demo/robot_demo/bootstrap/websocket/websockett_connect.go:152","msg":"use of closed network connection","serviceName":"error"}
{"time":"error","logger":"2022-02-28T11:41:12.141+0800","stacktrace":"D:/go_path/go_practise/demo/robot_demo/bootstrap/websocket/websockett_connect.go:152","msg":"use of closed network connection","serviceName":"error"}
{"time":"error","logger":"2022-02-28T11:41:17.149+0800","stacktrace":"D:/go_path/go_practise/demo/robot_demo/bootstrap/websocket/websockett_connect.go:152","msg":"use of closed network connection","serviceName":"error"}
{"time":"error","logger":"2022-02-28T11:41:22.142+0800","stacktrace":"D:/go_path/go_practise/demo/robot_demo/bootstrap/websocket/websockett_connect.go:152","msg":"use of closed network connection","serviceName":"error"}
{"time":"error","logger":"2022-02-28T11:41:27.155+0800","stacktrace":"D:/go_path/go_practise/demo/robot_demo/bootstrap/websocket/websockett_connect.go:152","msg":"use of closed network connection","serviceName":"error"}
{"time":"error","logger":"2022-02-28T11:41:54.322+0800","stacktrace":"D:/go_path/go_practise/demo/robot_demo/bootstrap/websocket/websockett_connect.go:152","msg":"use of closed network connection","serviceName":"error"}
{"time":"error","logger":"2022-02-28T11:42:03.275+0800","stacktrace":"D:/go_path/go_practise/demo/robot_demo/bootstrap/websocket/websockett_connect.go:152","msg":"use of closed network connection","serviceName":"error"}
{"time":"error","logger":"2022-02-28T11:42:06.004+0800","stacktrace":"D:/go_path/go_practise/demo/robot_demo/bootstrap/websocket/websockett_connect.go:152","msg":"use of closed network connection","serviceName":"error"}
{"time":"error","logger":"2022-02-28T11:42:06.005+0800","stacktrace":"D:/go_path/go_practise/demo/robot_demo/bootstrap/websocket/websockett_connect.go:152","msg":"use of closed network connection","serviceName":"error"}
{"time":"error","logger":"2022-02-28T11:42:09.607+0800","stacktrace":"D:/go_path/go_practise/demo/robot_demo/bootstrap/websocket/websockett_connect.go:152","msg":"use of closed network connection","serviceName":"error"}
{"time":"error","logger":"2022-02-28T11:42:14.605+0800","stacktrace":"D:/go_path/go_practise/demo/robot_demo/bootstrap/websocket/websockett_connect.go:152","msg":"use of closed network connection","serviceName":"error"}
{"time":"error","logger":"2022-02-28T11:42:19.613+0800","stacktrace":"D:/go_path/go_practise/demo/robot_demo/bootstrap/websocket/websockett_connect.go:152","msg":"use of closed network connection","serviceName":"error"}
{"time":"error","logger":"2022-02-28T11:42:24.603+0800","stacktrace":"D:/go_path/go_practise/demo/robot_demo/bootstrap/websocket/websockett_connect.go:152","msg":"use of closed network connection","serviceName":"error"}
{"time":"error","logger":"2022-02-28T11:42:29.611+0800","stacktrace":"D:/go_path/go_practise/demo/robot_demo/bootstrap/websocket/websockett_connect.go:152","msg":"use of closed network connection","serviceName":"error"}
{"time":"error","logger":"2022-02-28T11:50:43.047+0800","stacktrace":"D:/go_path/go_practise/demo/robot_demo/bootstrap/websocket/websockett_connect.go:153","msg":"use of closed network connection","serviceName":"error"}
{"time":"error","logger":"2022-02-28T11:53:27.865+0800","stacktrace":"D:/go_path/go_practise/demo/robot_demo/bootstrap/websocket/websockett_connect.go:157","msg":"use of closed network connection","serviceName":"error"}
{"time":"error","logger":"2022-02-28T11:57:23.734+0800","stacktrace":"D:/go_path/go_practise/demo/robot_demo/bootstrap/websocket/websockett_connect.go:128","msg":"websocket: close sent","serviceName":"error"}
{"time":"error","logger":"2022-02-28T13:27:31.477+0800","stacktrace":"D:/go_path/go_practise/demo/robot_demo/bootstrap/websocket/websockett_connect.go:128","msg":"websocket: close sent","serviceName":"error"}
{"time":"error","logger":"2022-02-28T13:30:01.916+0800","stacktrace":"D:/go_path/go_practise/demo/robot_demo/bootstrap/websocket/websockett_connect.go:129","msg":"websocket: close sent","serviceName":"error"}
{"time":"error","logger":"2022-02-28T13:37:48.349+0800","stacktrace":"D:/go_path/go_practise/demo/robot_demo/bootstrap/websocket/websockett_connect.go:139","msg":"websocket: close sent","serviceName":"error"}
{"time":"error","logger":"2022-02-28T13:38:05.389+0800","stacktrace":"D:/go_path/go_practise/demo/robot_demo/bootstrap/websocket/websockett_connect.go:139","msg":"websocket: close sent","serviceName":"error"}
{"time":"error","logger":"2022-02-28T13:38:46.189+0800","stacktrace":"D:/go_path/go_practise/demo/robot_demo/bootstrap/websocket/websockett_connect.go:138","msg":"websocket: close sent","serviceName":"error"}
{"time":"error","logger":"2022-02-28T13:39:07.172+0800","stacktrace":"D:/go_path/go_practise/demo/robot_demo/bootstrap/websocket/websockett_connect.go:138","msg":"websocket: close sent","serviceName":"error"}
{"time":"error","logger":"2022-02-28T13:39:18.218+0800","stacktrace":"D:/go_path/go_practise/demo/robot_demo/bootstrap/websocket/websockett_connect.go:138","msg":"websocket: close sent","serviceName":"error"}
{"time":"error","logger":"2022-02-28T13:40:33.035+0800","stacktrace":"D:/go_path/go_practise/demo/robot_demo/bootstrap/websocket/websockett_connect.go:141","msg":"websocket: close sent","serviceName":"error"}
{"time":"error","logger":"2022-02-28T13:41:41.752+0800","stacktrace":"D:/go_path/go_practise/demo/robot_demo/bootstrap/websocket/websockett_connect.go:142","msg":"write tcp 10.10.21.145:50207->157.148.34.100:443: i/o timeout","serviceName":"error"}
{"time":"error","logger":"2022-02-28T13:42:23.260+0800","stacktrace":"D:/go_path/go_practise/demo/robot_demo/bootstrap/websocket/websockett_connect.go:142","msg":"websocket: close sent","serviceName":"error"}
{"time":"error","logger":"2022-02-28T13:42:33.422+0800","stacktrace":"D:/go_path/go_practise/demo/robot_demo/bootstrap/websocket/websockett_connect.go:141","msg":"websocket: close sent","serviceName":"error"}
{"time":"error","logger":"2022-02-28T13:44:08.480+0800","stacktrace":"D:/go_path/go_practise/demo/robot_demo/bootstrap/websocket/websockett_connect.go:141","msg":"websocket: close sent","serviceName":"error"}
{"time":"error","logger":"2022-02-28T13:44:18.801+0800","stacktrace":"D:/go_path/go_practise/demo/robot_demo/bootstrap/websocket/websockett_connect.go:141","msg":"websocket: close sent","serviceName":"error"}
{"time":"error","logger":"2022-02-28T13:53:22.176+0800","stacktrace":"D:/go_path/go_practise/demo/robot_demo/bootstrap/websocket/websockett_connect.go:143","msg":"websocket: close sent","serviceName":"error"}
{"time":"error","logger":"2022-02-28T13:54:55.523+0800","stacktrace":"D:/go_path/go_practise/demo/robot_demo/bootstrap/websocket/websockett_connect.go:144","msg":"websocket: close sent","serviceName":"error"}
{"time":"error","logger":"2022-02-28T14:29:37.232+0800","stacktrace":"D:/go_path/go_practise/demo/robot_demo/bootstrap/websocket/websockett_connect.go:153","msg":"websocket: close sent","serviceName":"error"}
{"time":"error","logger":"2022-02-28T14:30:35.640+0800","stacktrace":"D:/go_path/go_practise/demo/robot_demo/bootstrap/websocket/websockett_connect.go:154","msg":"websocket: close sent","serviceName":"error"}
{"time":"error","logger":"2022-02-28T14:31:23.127+0800","stacktrace":"D:/go_path/go_practise/demo/robot_demo/bootstrap/websocket/websockett_connect.go:152","msg":"websocket: close sent","serviceName":"error"}
{"time":"error","logger":"2022-02-28T14:39:28.439+0800","stacktrace":"D:/go_path/go_practise/demo/robot_demo/bootstrap/websocket/websockett_connect.go:152","msg":"write tcp 10.10.21.145:59454->157.148.34.100:443: i/o timeout","serviceName":"error"}
{"time":"error","logger":"2022-02-28T14:40:57.448+0800","stacktrace":"D:/go_path/go_practise/demo/robot_demo/bootstrap/websocket/websockett_connect.go:153","msg":"websocket: close sent","serviceName":"error"}
{"time":"error","logger":"2022-02-28T14:42:39.716+0800","stacktrace":"D:/go_path/go_practise/demo/robot_demo/bootstrap/websocket/websockett_connect.go:153","msg":"websocket: close sent","serviceName":"error"}
{"time":"error","logger":"2022-02-28T14:44:03.493+0800","stacktrace":"D:/go_path/go_practise/demo/robot_demo/bootstrap/websocket/websockett_connect.go:153","msg":"websocket: close sent","serviceName":"error"}
{"time":"error","logger":"2022-02-28T14:44:39.147+0800","stacktrace":"D:/go_path/go_practise/demo/robot_demo/bootstrap/websocket/websockett_connect.go:154","msg":"websocket: close sent","serviceName":"error"}
{"time":"error","logger":"2022-02-28T14:44:48.618+0800","stacktrace":"D:/go_path/go_practise/demo/robot_demo/bootstrap/websocket/websockett_connect.go:154","msg":"websocket: close sent","serviceName":"error"}
{"time":"error","logger":"2022-02-28T14:45:04.595+0800","stacktrace":"D:/go_path/go_practise/demo/robot_demo/bootstrap/websocket/websockett_connect.go:154","msg":"websocket: close sent","serviceName":"error"}
{"time":"error","logger":"2022-02-28T14:45:31.376+0800","stacktrace":"D:/go_path/go_practise/demo/robot_demo/bootstrap/websocket/websockett_connect.go:154","msg":"websocket: close sent","serviceName":"error"}
{"time":"error","logger":"2022-02-28T14:46:49.116+0800","stacktrace":"D:/go_path/go_practise/demo/robot_demo/bootstrap/websocket/websockett_connect.go:155","msg":"use of closed network connection","serviceName":"error"}
{"time":"error","logger":"2022-02-28T14:47:23.003+0800","stacktrace":"D:/go_path/go_practise/demo/robot_demo/bootstrap/websocket/websockett_connect.go:154","msg":"use of closed network connection","serviceName":"error"}
{"time":"error","logger":"2022-02-28T14:47:57.042+0800","stacktrace":"D:/go_path/go_practise/demo/robot_demo/bootstrap/websocket/websockett_connect.go:153","msg":"use of closed network connection","serviceName":"error"}
{"time":"error","logger":"2022-02-28T14:48:44.133+0800","stacktrace":"D:/go_path/go_practise/demo/robot_demo/bootstrap/websocket/websockett_connect.go:154","msg":"use of closed network connection","serviceName":"error"}
{"time":"error","logger":"2022-02-28T14:48:54.588+0800","stacktrace":"D:/go_path/go_practise/demo/robot_demo/bootstrap/websocket/websockett_connect.go:155","msg":"use of closed network connection","serviceName":"error"}
{"time":"error","logger":"2022-02-28T14:49:02.623+0800","stacktrace":"D:/go_path/go_practise/demo/robot_demo/bootstrap/websocket/websockett_connect.go:155","msg":"use of closed network connection","serviceName":"error"}
{"time":"error","logger":"2022-02-28T14:50:39.924+0800","stacktrace":"D:/go_path/go_practise/demo/robot_demo/bootstrap/websocket/websockett_connect.go:184","msg":"use of closed network connection","serviceName":"error"}
{"time":"error","logger":"2022-02-28T14:50:52.420+0800","stacktrace":"D:/go_path/go_practise/demo/robot_demo/bootstrap/websocket/websockett_connect.go:182","msg":"use of closed network connection","serviceName":"error"}
{"time":"error","logger":"2022-02-28T14:51:50.398+0800","stacktrace":"D:/go_path/go_practise/demo/robot_demo/bootstrap/websocket/websockett_connect.go:181","msg":"use of closed network connection","serviceName":"error"}
{"time":"error","logger":"2022-02-28T18:46:21.131+0800","stacktrace":"D:/go_path/go_practise/demo/robot_demo/bootstrap/websocket/websockett_connect.go:181","msg":"use of closed network connection","serviceName":"error"}
{"time":"error","logger":"2022-02-28T18:47:34.941+0800","stacktrace":"D:/go_path/go_practise/demo/robot_demo/bootstrap/websocket/websockett_connect.go:182","msg":"use of closed network connection","serviceName":"error"}
{"time":"error","logger":"2022-02-28T18:49:17.826+0800","stacktrace":"D:/go_path/go_practise/demo/robot_demo/bootstrap/websocket/websockett_connect.go:182","msg":"use of closed network connection","serviceName":"error"}
{"time":"error","logger":"2022-02-28T18:54:54.243+0800","stacktrace":"D:/go_path/go_practise/demo/robot_demo/bootstrap/websocket/websockett_connect.go:182","msg":"use of closed network connection","serviceName":"error"}
{"time":"error","logger":"2022-02-28T18:55:20.249+0800","stacktrace":"D:/go_path/go_practise/demo/robot_demo/bootstrap/websocket/websockett_connect.go:182","msg":"use of closed network connection","serviceName":"error"}
{"time":"error","logger":"2022-02-28T20:39:27.695+0800","stacktrace":"D:/go_path/go_practise/demo/robot_demo/bootstrap/websocket/websockett_connect.go:180","msg":"use of closed network connection","serviceName":"error"}
{"time":"error","logger":"2022-02-28T20:40:02.588+0800","stacktrace":"D:/go_path/go_practise/demo/robot_demo/bootstrap/websocket/websockett_connect.go:179","msg":"write tcp 192.168.1.11:49181->14.22.6.140:443: i/o timeout","serviceName":"error"}
{"time":"error","logger":"2022-02-28T20:40:50.200+0800","stacktrace":"D:/go_path/go_practise/demo/robot_demo/bootstrap/websocket/websockett_connect.go:153","msg":"write tcp 192.168.1.11:49212->14.22.6.140:443: i/o timeout","serviceName":"error"}
{"time":"error","logger":"2022-02-28T20:41:52.603+0800","stacktrace":"D:/go_path/go_practise/demo/robot_demo/bootstrap/websocket/websockett_connect.go:152","msg":"write tcp 192.168.1.11:49251->14.22.6.140:443: i/o timeout","serviceName":"error"}
{"time":"error","logger":"2022-02-28T20:42:56.022+0800","stacktrace":"D:/go_path/go_practise/demo/robot_demo/bootstrap/websocket/websockett_connect.go:152","msg":"write tcp 192.168.1.11:49303->14.22.6.140:443: i/o timeout","serviceName":"error"}
{"time":"error","logger":"2022-03-01T00:59:26.732+0800","stacktrace":"D:/go_path/go_practise/demo/robot_demo/http/get.go:55","msg":"Post \"https://sandbox.api.sgroup.qq.comchannels/11814656314170132715/messages\": dial tcp: lookup sandbox.api.sgroup.qq.comchannels: no such host","serviceName":"error"}
{"time":"error","logger":"2022-03-01T10:44:14.812+0800","stacktrace":"D:/go_path/go_practise/demo/robot_demo/bootstrap/websocket/websockett_connect.go:153","msg":"websocket: close sent","serviceName":"error"}
{"time":"error","logger":"2022-03-01T10:44:19.801+0800","stacktrace":"D:/go_path/go_practise/demo/robot_demo/bootstrap/websocket/websockett_connect.go:153","msg":"websocket: close sent","serviceName":"error"}
{"time":"error","logger":"2022-03-01T10:44:24.814+0800","stacktrace":"D:/go_path/go_practise/demo/robot_demo/bootstrap/websocket/websockett_connect.go:153","msg":"websocket: close sent","serviceName":"error"}
{"time":"error","logger":"2022-03-01T10:44:29.817+0800","stacktrace":"D:/go_path/go_practise/demo/robot_demo/bootstrap/websocket/websockett_connect.go:153","msg":"websocket: close sent","serviceName":"error"}
{"time":"error","logger":"2022-03-01T10:44:34.814+0800","stacktrace":"D:/go_path/go_practise/demo/robot_demo/bootstrap/websocket/websockett_connect.go:153","msg":"websocket: close sent","serviceName":"error"}
{"time":"error","logger":"2022-03-01T10:44:39.809+0800","stacktrace":"D:/go_path/go_practise/demo/robot_demo/bootstrap/websocket/websockett_connect.go:153","msg":"websocket: close sent","serviceName":"error"}
{"time":"error","logger":"2022-03-01T10:44:44.801+0800","stacktrace":"D:/go_path/go_practise/demo/robot_demo/bootstrap/websocket/websockett_connect.go:153","msg":"websocket: close sent","serviceName":"error"}
{"time":"error","logger":"2022-03-01T10:44:49.812+0800","stacktrace":"D:/go_path/go_practise/demo/robot_demo/bootstrap/websocket/websockett_connect.go:153","msg":"websocket: close sent","serviceName":"error"}
{"time":"error","logger":"2022-03-01T10:44:54.805+0800","stacktrace":"D:/go_path/go_practise/demo/robot_demo/bootstrap/websocket/websockett_connect.go:153","msg":"websocket: close sent","serviceName":"error"}
{"time":"error","logger":"2022-03-01T10:44:59.816+0800","stacktrace":"D:/go_path/go_practise/demo/robot_demo/bootstrap/websocket/websockett_connect.go:153","msg":"websocket: close sent","serviceName":"error"}
{"time":"error","logger":"2022-03-01T10:45:04.804+0800","stacktrace":"D:/go_path/go_practise/demo/robot_demo/bootstrap/websocket/websockett_connect.go:153","msg":"websocket: close sent","serviceName":"error"}
{"time":"error","logger":"2022-03-01T10:45:09.805+0800","stacktrace":"D:/go_path/go_practise/demo/robot_demo/bootstrap/websocket/websockett_connect.go:153","msg":"websocket: close sent","serviceName":"error"}
{"time":"error","logger":"2022-03-01T10:45:14.810+0800","stacktrace":"D:/go_path/go_practise/demo/robot_demo/bootstrap/websocket/websockett_connect.go:153","msg":"websocket: close sent","serviceName":"error"}
{"time":"error","logger":"2022-03-01T10:45:19.811+0800","stacktrace":"D:/go_path/go_practise/demo/robot_demo/bootstrap/websocket/websockett_connect.go:153","msg":"websocket: close sent","serviceName":"error"}
{"time":"error","logger":"2022-03-01T10:45:24.807+0800","stacktrace":"D:/go_path/go_practise/demo/robot_demo/bootstrap/websocket/websockett_connect.go:153","msg":"websocket: close sent","serviceName":"error"}
{"time":"error","logger":"2022-03-01T10:45:29.815+0800","stacktrace":"D:/go_path/go_practise/demo/robot_demo/bootstrap/websocket/websockett_connect.go:153","msg":"websocket: close sent","serviceName":"error"}
{"time":"error","logger":"2022-03-01T10:45:34.815+0800","stacktrace":"D:/go_path/go_practise/demo/robot_demo/bootstrap/websocket/websockett_connect.go:153","msg":"websocket: close sent","serviceName":"error"}
{"time":"error","logger":"2022-03-01T10:45:39.813+0800","stacktrace":"D:/go_path/go_practise/demo/robot_demo/bootstrap/websocket/websockett_connect.go:153","msg":"websocket: close sent","serviceName":"error"}
{"time":"error","logger":"2022-03-01T10:45:44.812+0800","stacktrace":"D:/go_path/go_practise/demo/robot_demo/bootstrap/websocket/websockett_connect.go:153","msg":"websocket: close sent","serviceName":"error"}
{"time":"error","logger":"2022-03-01T10:45:49.815+0800","stacktrace":"D:/go_path/go_practise/demo/robot_demo/bootstrap/websocket/websockett_connect.go:153","msg":"websocket: close sent","serviceName":"error"}
{"time":"error","logger":"2022-03-01T10:45:54.813+0800","stacktrace":"D:/go_path/go_practise/demo/robot_demo/bootstrap/websocket/websockett_connect.go:153","msg":"websocket: close sent","serviceName":"error"}
{"time":"error","logger":"2022-03-01T10:45:59.802+0800","stacktrace":"D:/go_path/go_practise/demo/robot_demo/bootstrap/websocket/websockett_connect.go:153","msg":"websocket: close sent","serviceName":"error"}
{"time":"error","logger":"2022-03-01T10:46:04.813+0800","stacktrace":"D:/go_path/go_practise/demo/robot_demo/bootstrap/websocket/websockett_connect.go:153","msg":"websocket: close sent","serviceName":"error"}
{"time":"error","logger":"2022-03-01T10:46:09.810+0800","stacktrace":"D:/go_path/go_practise/demo/robot_demo/bootstrap/websocket/websockett_connect.go:153","msg":"websocket: close sent","serviceName":"error"}
{"time":"error","logger":"2022-03-01T10:46:14.801+0800","stacktrace":"D:/go_path/go_practise/demo/robot_demo/bootstrap/websocket/websockett_connect.go:153","msg":"websocket: close sent","serviceName":"error"}
{"time":"error","logger":"2022-03-01T10:46:19.807+0800","stacktrace":"D:/go_path/go_practise/demo/robot_demo/bootstrap/websocket/websockett_connect.go:153","msg":"websocket: close sent","serviceName":"error"}
{"time":"error","logger":"2022-03-01T10:46:24.810+0800","stacktrace":"D:/go_path/go_practise/demo/robot_demo/bootstrap/websocket/websockett_connect.go:153","msg":"websocket: close sent","serviceName":"error"}
{"time":"error","logger":"2022-03-01T10:46:29.812+0800","stacktrace":"D:/go_path/go_practise/demo/robot_demo/bootstrap/websocket/websockett_connect.go:153","msg":"websocket: close sent","serviceName":"error"}
{"time":"error","logger":"2022-03-01T10:46:34.811+0800","stacktrace":"D:/go_path/go_practise/demo/robot_demo/bootstrap/websocket/websockett_connect.go:153","msg":"websocket: close sent","serviceName":"error"}
{"time":"error","logger":"2022-03-01T10:46:39.815+0800","stacktrace":"D:/go_path/go_practise/demo/robot_demo/bootstrap/websocket/websockett_connect.go:153","msg":"websocket: close sent","serviceName":"error"}
{"time":"error","logger":"2022-03-01T10:46:44.819+0800","stacktrace":"D:/go_path/go_practise/demo/robot_demo/bootstrap/websocket/websockett_connect.go:153","msg":"websocket: close sent","serviceName":"error"}
{"time":"error","logger":"2022-03-01T10:46:49.801+0800","stacktrace":"D:/go_path/go_practise/demo/robot_demo/bootstrap/websocket/websockett_connect.go:153","msg":"websocket: close sent","serviceName":"error"}
{"time":"error","logger":"2022-03-01T10:46:54.811+0800","stacktrace":"D:/go_path/go_practise/demo/robot_demo/bootstrap/websocket/websockett_connect.go:153","msg":"websocket: close sent","serviceName":"error"}
{"time":"error","logger":"2022-03-01T10:46:59.812+0800","stacktrace":"D:/go_path/go_practise/demo/robot_demo/bootstrap/websocket/websockett_connect.go:153","msg":"websocket: close sent","serviceName":"error"}
{"time":"error","logger":"2022-03-01T10:47:04.801+0800","stacktrace":"D:/go_path/go_practise/demo/robot_demo/bootstrap/websocket/websockett_connect.go:153","msg":"websocket: close sent","serviceName":"error"}
{"time":"error","logger":"2022-03-01T10:47:09.804+0800","stacktrace":"D:/go_path/go_practise/demo/robot_demo/bootstrap/websocket/websockett_connect.go:153","msg":"websocket: close sent","serviceName":"error"}
{"time":"error","logger":"2022-03-01T10:47:14.806+0800","stacktrace":"D:/go_path/go_practise/demo/robot_demo/bootstrap/websocket/websockett_connect.go:153","msg":"websocket: close sent","serviceName":"error"}
{"time":"error","logger":"2022-03-01T10:47:19.808+0800","stacktrace":"D:/go_path/go_practise/demo/robot_demo/bootstrap/websocket/websockett_connect.go:153","msg":"websocket: close sent","serviceName":"error"}
{"time":"error","logger":"2022-03-01T10:47:24.812+0800","stacktrace":"D:/go_path/go_practise/demo/robot_demo/bootstrap/websocket/websockett_connect.go:153","msg":"websocket: close sent","serviceName":"error"}
{"time":"error","logger":"2022-03-01T10:47:29.802+0800","stacktrace":"D:/go_path/go_practise/demo/robot_demo/bootstrap/websocket/websockett_connect.go:153","msg":"websocket: close sent","serviceName":"error"}
{"time":"error","logger":"2022-03-01T10:47:34.804+0800","stacktrace":"D:/go_path/go_practise/demo/robot_demo/bootstrap/websocket/websockett_connect.go:153","msg":"websocket: close sent","serviceName":"error"}
{"time":"error","logger":"2022-03-01T10:47:39.802+0800","stacktrace":"D:/go_path/go_practise/demo/robot_demo/bootstrap/websocket/websockett_connect.go:153","msg":"websocket: close sent","serviceName":"error"}
{"time":"error","logger":"2022-03-01T10:47:44.806+0800","stacktrace":"D:/go_path/go_practise/demo/robot_demo/bootstrap/websocket/websockett_connect.go:153","msg":"websocket: close sent","serviceName":"error"}
{"time":"error","logger":"2022-03-01T10:47:49.815+0800","stacktrace":"D:/go_path/go_practise/demo/robot_demo/bootstrap/websocket/websockett_connect.go:153","msg":"websocket: close sent","serviceName":"error"}
{"time":"error","logger":"2022-03-01T10:47:54.805+0800","stacktrace":"D:/go_path/go_practise/demo/robot_demo/bootstrap/websocket/websockett_connect.go:153","msg":"websocket: close sent","serviceName":"error"}
{"time":"error","logger":"2022-03-01T10:47:59.801+0800","stacktrace":"D:/go_path/go_practise/demo/robot_demo/bootstrap/websocket/websockett_connect.go:153","msg":"websocket: close sent","serviceName":"error"}
{"time":"error","logger":"2022-03-01T10:48:04.813+0800","stacktrace":"D:/go_path/go_practise/demo/robot_demo/bootstrap/websocket/websockett_connect.go:153","msg":"websocket: close sent","serviceName":"error"}
{"time":"error","logger":"2022-03-01T10:48:09.803+0800","stacktrace":"D:/go_path/go_practise/demo/robot_demo/bootstrap/websocket/websockett_connect.go:153","msg":"websocket: close sent","serviceName":"error"}
{"time":"error","logger":"2022-03-01T10:48:14.810+0800","stacktrace":"D:/go_path/go_practise/demo/robot_demo/bootstrap/websocket/websockett_connect.go:153","msg":"websocket: close sent","serviceName":"error"}
{"time":"error","logger":"2022-03-01T10:48:19.805+0800","stacktrace":"D:/go_path/go_practise/demo/robot_demo/bootstrap/websocket/websockett_connect.go:153","msg":"websocket: close sent","serviceName":"error"}
{"time":"error","logger":"2022-03-01T10:48:24.808+0800","stacktrace":"D:/go_path/go_practise/demo/robot_demo/bootstrap/websocket/websockett_connect.go:153","msg":"websocket: close sent","serviceName":"error"}
{"time":"error","logger":"2022-03-01T10:48:29.815+0800","stacktrace":"D:/go_path/go_practise/demo/robot_demo/bootstrap/websocket/websockett_connect.go:153","msg":"websocket: close sent","serviceName":"error"}
{"time":"error","logger":"2022-03-01T10:48:34.805+0800","stacktrace":"D:/go_path/go_practise/demo/robot_demo/bootstrap/websocket/websockett_connect.go:153","msg":"websocket: close sent","serviceName":"error"}
{"time":"error","logger":"2022-03-01T10:48:39.803+0800","stacktrace":"D:/go_path/go_practise/demo/robot_demo/bootstrap/websocket/websockett_connect.go:153","msg":"websocket: close sent","serviceName":"error"}
{"time":"error","logger":"2022-03-01T10:48:44.808+0800","stacktrace":"D:/go_path/go_practise/demo/robot_demo/bootstrap/websocket/websockett_connect.go:153","msg":"websocket: close sent","serviceName":"error"}
{"time":"error","logger":"2022-03-01T10:48:49.802+0800","stacktrace":"D:/go_path/go_practise/demo/robot_demo/bootstrap/websocket/websockett_connect.go:153","msg":"websocket: close sent","serviceName":"error"}
{"time":"error","logger":"2022-03-01T10:48:54.815+0800","stacktrace":"D:/go_path/go_practise/demo/robot_demo/bootstrap/websocket/websockett_connect.go:153","msg":"websocket: close sent","serviceName":"error"}
{"time":"error","logger":"2022-03-01T10:48:59.812+0800","stacktrace":"D:/go_path/go_practise/demo/robot_demo/bootstrap/websocket/websockett_connect.go:153","msg":"websocket: close sent","serviceName":"error"}
{"time":"error","logger":"2022-03-01T10:49:04.815+0800","stacktrace":"D:/go_path/go_practise/demo/robot_demo/bootstrap/websocket/websockett_connect.go:153","msg":"websocket: close sent","serviceName":"error"}
{"time":"error","logger":"2022-03-01T10:49:09.809+0800","stacktrace":"D:/go_path/go_practise/demo/robot_demo/bootstrap/websocket/websockett_connect.go:153","msg":"websocket: close sent","serviceName":"error"}
{"time":"error","logger":"2022-03-01T10:49:14.814+0800","stacktrace":"D:/go_path/go_practise/demo/robot_demo/bootstrap/websocket/websockett_connect.go:153","msg":"websocket: close sent","serviceName":"error"}
{"time":"error","logger":"2022-03-01T10:49:19.815+0800","stacktrace":"D:/go_path/go_practise/demo/robot_demo/bootstrap/websocket/websockett_connect.go:153","msg":"websocket: close sent","serviceName":"error"}
{"time":"error","logger":"2022-03-01T10:49:24.805+0800","stacktrace":"D:/go_path/go_practise/demo/robot_demo/bootstrap/websocket/websockett_connect.go:153","msg":"websocket: close sent","serviceName":"error"}
{"time":"error","logger":"2022-03-01T10:49:29.816+0800","stacktrace":"D:/go_path/go_practise/demo/robot_demo/bootstrap/websocket/websockett_connect.go:153","msg":"websocket: close sent","serviceName":"error"}
{"time":"error","logger":"2022-03-01T10:49:34.802+0800","stacktrace":"D:/go_path/go_practise/demo/robot_demo/bootstrap/websocket/websockett_connect.go:153","msg":"websocket: close sent","serviceName":"error"}
{"time":"error","logger":"2022-03-01T10:49:39.815+0800","stacktrace":"D:/go_path/go_practise/demo/robot_demo/bootstrap/websocket/websockett_connect.go:153","msg":"websocket: close sent","serviceName":"error"}
{"time":"error","logger":"2022-03-01T10:49:44.814+0800","stacktrace":"D:/go_path/go_practise/demo/robot_demo/bootstrap/websocket/websockett_connect.go:153","msg":"websocket: close sent","serviceName":"error"}
{"time":"error","logger":"2022-03-01T10:49:49.810+0800","stacktrace":"D:/go_path/go_practise/demo/robot_demo/bootstrap/websocket/websockett_connect.go:153","msg":"websocket: close sent","serviceName":"error"}
{"time":"error","logger":"2022-03-01T10:49:54.809+0800","stacktrace":"D:/go_path/go_practise/demo/robot_demo/bootstrap/websocket/websockett_connect.go:153","msg":"websocket: close sent","serviceName":"error"}
{"time":"error","logger":"2022-03-01T10:49:59.817+0800","stacktrace":"D:/go_path/go_practise/demo/robot_demo/bootstrap/websocket/websockett_connect.go:153","msg":"websocket: close sent","serviceName":"error"}
{"time":"error","logger":"2022-03-01T10:50:04.810+0800","stacktrace":"D:/go_path/go_practise/demo/robot_demo/bootstrap/websocket/websockett_connect.go:153","msg":"websocket: close sent","serviceName":"error"}
{"time":"error","logger":"2022-03-01T10:50:09.804+0800","stacktrace":"D:/go_path/go_practise/demo/robot_demo/bootstrap/websocket/websockett_connect.go:153","msg":"websocket: close sent","serviceName":"error"}
{"time":"error","logger":"2022-03-01T10:50:14.815+0800","stacktrace":"D:/go_path/go_practise/demo/robot_demo/bootstrap/websocket/websockett_connect.go:153","msg":"websocket: close sent","serviceName":"error"}
{"time":"error","logger":"2022-03-01T10:50:19.816+0800","stacktrace":"D:/go_path/go_practise/demo/robot_demo/bootstrap/websocket/websockett_connect.go:153","msg":"websocket: close sent","serviceName":"error"}
{"time":"error","logger":"2022-03-01T10:50:24.813+0800","stacktrace":"D:/go_path/go_practise/demo/robot_demo/bootstrap/websocket/websockett_connect.go:153","msg":"websocket: close sent","serviceName":"error"}
{"time":"error","logger":"2022-03-01T10:50:29.813+0800","stacktrace":"D:/go_path/go_practise/demo/robot_demo/bootstrap/websocket/websockett_connect.go:153","msg":"websocket: close sent","serviceName":"error"}
{"time":"error","logger":"2022-03-01T10:50:34.810+0800","stacktrace":"D:/go_path/go_practise/demo/robot_demo/bootstrap/websocket/websockett_connect.go:153","msg":"websocket: close sent","serviceName":"error"}
{"time":"error","logger":"2022-03-01T10:50:39.807+0800","stacktrace":"D:/go_path/go_practise/demo/robot_demo/bootstrap/websocket/websockett_connect.go:153","msg":"websocket: close sent","serviceName":"error"}
{"time":"error","logger":"2022-03-01T10:50:44.815+0800","stacktrace":"D:/go_path/go_practise/demo/robot_demo/bootstrap/websocket/websockett_connect.go:153","msg":"websocket: close sent","serviceName":"error"}
{"time":"error","logger":"2022-03-01T10:50:49.808+0800","stacktrace":"D:/go_path/go_practise/demo/robot_demo/bootstrap/websocket/websockett_connect.go:153","msg":"websocket: close sent","serviceName":"error"}
{"time":"error","logger":"2022-03-01T10:50:54.802+0800","stacktrace":"D:/go_path/go_practise/demo/robot_demo/bootstrap/websocket/websockett_connect.go:153","msg":"websocket: close sent","serviceName":"error"}
{"time":"error","logger":"2022-03-01T10:50:59.811+0800","stacktrace":"D:/go_path/go_practise/demo/robot_demo/bootstrap/websocket/websockett_connect.go:153","msg":"websocket: close sent","serviceName":"error"}
{"time":"error","logger":"2022-03-01T10:51:04.815+0800","stacktrace":"D:/go_path/go_practise/demo/robot_demo/bootstrap/websocket/websockett_connect.go:153","msg":"websocket: close sent","serviceName":"error"}
{"time":"error","logger":"2022-03-01T10:51:09.816+0800","stacktrace":"D:/go_path/go_practise/demo/robot_demo/bootstrap/websocket/websockett_connect.go:153","msg":"websocket: close sent","serviceName":"error"}
{"time":"error","logger":"2022-03-01T10:51:14.815+0800","stacktrace":"D:/go_path/go_practise/demo/robot_demo/bootstrap/websocket/websockett_connect.go:153","msg":"websocket: close sent","serviceName":"error"}
{"time":"error","logger":"2022-03-01T10:51:19.815+0800","stacktrace":"D:/go_path/go_practise/demo/robot_demo/bootstrap/websocket/websockett_connect.go:153","msg":"websocket: close sent","serviceName":"error"}
{"time":"error","logger":"2022-03-01T10:51:24.811+0800","stacktrace":"D:/go_path/go_practise/demo/robot_demo/bootstrap/websocket/websockett_connect.go:153","msg":"websocket: close sent","serviceName":"error"}
{"time":"error","logger":"2022-03-01T10:51:29.806+0800","stacktrace":"D:/go_path/go_practise/demo/robot_demo/bootstrap/websocket/websockett_connect.go:153","msg":"websocket: close sent","serviceName":"error"}
{"time":"error","logger":"2022-03-01T10:51:34.812+0800","stacktrace":"D:/go_path/go_practise/demo/robot_demo/bootstrap/websocket/websockett_connect.go:153","msg":"websocket: close sent","serviceName":"error"}
{"time":"error","logger":"2022-03-01T10:51:39.812+0800","stacktrace":"D:/go_path/go_practise/demo/robot_demo/bootstrap/websocket/websockett_connect.go:153","msg":"websocket: close sent","serviceName":"error"}
{"time":"error","logger":"2022-03-01T10:51:44.815+0800","stacktrace":"D:/go_path/go_practise/demo/robot_demo/bootstrap/websocket/websockett_connect.go:153","msg":"websocket: close sent","serviceName":"error"}
{"time":"error","logger":"2022-03-01T10:51:49.810+0800","stacktrace":"D:/go_path/go_practise/demo/robot_demo/bootstrap/websocket/websockett_connect.go:153","msg":"websocket: close sent","serviceName":"error"}
{"time":"error","logger":"2022-03-01T10:51:54.815+0800","stacktrace":"D:/go_path/go_practise/demo/robot_demo/bootstrap/websocket/websockett_connect.go:153","msg":"websocket: close sent","serviceName":"error"}
{"time":"error","logger":"2022-03-01T10:51:59.801+0800","stacktrace":"D:/go_path/go_practise/demo/robot_demo/bootstrap/websocket/websockett_connect.go:153","msg":"websocket: close sent","serviceName":"error"}
{"time":"error","logger":"2022-03-01T10:52:04.806+0800","stacktrace":"D:/go_path/go_practise/demo/robot_demo/bootstrap/websocket/websockett_connect.go:153","msg":"websocket: close sent","serviceName":"error"}
{"time":"error","logger":"2022-03-01T10:52:09.810+0800","stacktrace":"D:/go_path/go_practise/demo/robot_demo/bootstrap/websocket/websockett_connect.go:153","msg":"websocket: close sent","serviceName":"error"}
{"time":"error","logger":"2022-03-01T10:52:14.808+0800","stacktrace":"D:/go_path/go_practise/demo/robot_demo/bootstrap/websocket/websockett_connect.go:153","msg":"websocket: close sent","serviceName":"error"}
{"time":"error","logger":"2022-03-01T10:52:19.815+0800","stacktrace":"D:/go_path/go_practise/demo/robot_demo/bootstrap/websocket/websockett_connect.go:153","msg":"websocket: close sent","serviceName":"error"}
{"time":"error","logger":"2022-03-01T10:52:24.804+0800","stacktrace":"D:/go_path/go_practise/demo/robot_demo/bootstrap/websocket/websockett_connect.go:153","msg":"websocket: close sent","serviceName":"error"}
{"time":"error","logger":"2022-03-01T10:52:29.811+0800","stacktrace":"D:/go_path/go_practise/demo/robot_demo/bootstrap/websocket/websockett_connect.go:153","msg":"websocket: close sent","serviceName":"error"}
{"time":"error","logger":"2022-03-01T10:52:34.812+0800","stacktrace":"D:/go_path/go_practise/demo/robot_demo/bootstrap/websocket/websockett_connect.go:153","msg":"websocket: close sent","serviceName":"error"}
{"time":"error","logger":"2022-03-01T10:52:39.807+0800","stacktrace":"D:/go_path/go_practise/demo/robot_demo/bootstrap/websocket/websockett_connect.go:153","msg":"websocket: close sent","serviceName":"error"}
{"time":"error","logger":"2022-03-01T10:52:44.813+0800","stacktrace":"D:/go_path/go_practise/demo/robot_demo/bootstrap/websocket/websockett_connect.go:153","msg":"websocket: close sent","serviceName":"error"}
{"time":"error","logger":"2022-03-01T10:52:49.813+0800","stacktrace":"D:/go_path/go_practise/demo/robot_demo/bootstrap/websocket/websockett_connect.go:153","msg":"websocket: close sent","serviceName":"error"}
{"time":"error","logger":"2022-03-01T10:52:54.805+0800","stacktrace":"D:/go_path/go_practise/demo/robot_demo/bootstrap/websocket/websockett_connect.go:153","msg":"websocket: close sent","serviceName":"error"}
{"time":"error","logger":"2022-03-01T10:52:59.807+0800","stacktrace":"D:/go_path/go_practise/demo/robot_demo/bootstrap/websocket/websockett_connect.go:153","msg":"websocket: close sent","serviceName":"error"}
{"time":"error","logger":"2022-03-01T10:53:04.813+0800","stacktrace":"D:/go_path/go_practise/demo/robot_demo/bootstrap/websocket/websockett_connect.go:153","msg":"websocket: close sent","serviceName":"error"}
{"time":"error","logger":"2022-03-01T10:53:09.806+0800","stacktrace":"D:/go_path/go_practise/demo/robot_demo/bootstrap/websocket/websockett_connect.go:153","msg":"websocket: close sent","serviceName":"error"}
{"time":"error","logger":"2022-03-01T10:53:14.816+0800","stacktrace":"D:/go_path/go_practise/demo/robot_demo/bootstrap/websocket/websockett_connect.go:153","msg":"websocket: close sent","serviceName":"error"}
{"time":"error","logger":"2022-03-01T10:53:19.804+0800","stacktrace":"D:/go_path/go_practise/demo/robot_demo/bootstrap/websocket/websockett_connect.go:153","msg":"websocket: close sent","serviceName":"error"}
{"time":"error","logger":"2022-03-01T10:53:24.807+0800","stacktrace":"D:/go_path/go_practise/demo/robot_demo/bootstrap/websocket/websockett_connect.go:153","msg":"websocket: close sent","serviceName":"error"}
{"time":"error","logger":"2022-03-01T10:53:29.814+0800","stacktrace":"D:/go_path/go_practise/demo/robot_demo/bootstrap/websocket/websockett_connect.go:153","msg":"websocket: close sent","serviceName":"error"}
{"time":"error","logger":"2022-03-01T10:53:34.808+0800","stacktrace":"D:/go_path/go_practise/demo/robot_demo/bootstrap/websocket/websockett_connect.go:153","msg":"websocket: close sent","serviceName":"error"}
{"time":"error","logger":"2022-03-01T10:53:39.809+0800","stacktrace":"D:/go_path/go_practise/demo/robot_demo/bootstrap/websocket/websockett_connect.go:153","msg":"websocket: close sent","serviceName":"error"}
{"time":"error","logger":"2022-03-01T10:53:44.815+0800","stacktrace":"D:/go_path/go_practise/demo/robot_demo/bootstrap/websocket/websockett_connect.go:153","msg":"websocket: close sent","serviceName":"error"}
{"time":"error","logger":"2022-03-01T10:53:49.806+0800","stacktrace":"D:/go_path/go_practise/demo/robot_demo/bootstrap/websocket/websockett_connect.go:153","msg":"websocket: close sent","serviceName":"error"}
{"time":"error","logger":"2022-03-01T10:53:54.811+0800","stacktrace":"D:/go_path/go_practise/demo/robot_demo/bootstrap/websocket/websockett_connect.go:153","msg":"websocket: close sent","serviceName":"error"}
{"time":"error","logger":"2022-03-01T10:53:59.815+0800","stacktrace":"D:/go_path/go_practise/demo/robot_demo/bootstrap/websocket/websockett_connect.go:153","msg":"websocket: close sent","serviceName":"error"}
{"time":"error","logger":"2022-03-01T10:54:04.809+0800","stacktrace":"D:/go_path/go_practise/demo/robot_demo/bootstrap/websocket/websockett_connect.go:153","msg":"websocket: close sent","serviceName":"error"}
{"time":"error","logger":"2022-03-01T10:54:09.804+0800","stacktrace":"D:/go_path/go_practise/demo/robot_demo/bootstrap/websocket/websockett_connect.go:153","msg":"websocket: close sent","serviceName":"error"}
{"time":"error","logger":"2022-03-01T10:54:14.807+0800","stacktrace":"D:/go_path/go_practise/demo/robot_demo/bootstrap/websocket/websockett_connect.go:153","msg":"websocket: close sent","serviceName":"error"}
{"time":"error","logger":"2022-03-01T10:54:19.809+0800","stacktrace":"D:/go_path/go_practise/demo/robot_demo/bootstrap/websocket/websockett_connect.go:153","msg":"websocket: close sent","serviceName":"error"}
{"time":"error","logger":"2022-03-01T10:54:24.810+0800","stacktrace":"D:/go_path/go_practise/demo/robot_demo/bootstrap/websocket/websockett_connect.go:153","msg":"websocket: close sent","serviceName":"error"}
{"time":"error","logger":"2022-03-01T10:54:29.813+0800","stacktrace":"D:/go_path/go_practise/demo/robot_demo/bootstrap/websocket/websockett_connect.go:153","msg":"websocket: close sent","serviceName":"error"}
{"time":"error","logger":"2022-03-01T10:54:34.809+0800","stacktrace":"D:/go_path/go_practise/demo/robot_demo/bootstrap/websocket/websockett_connect.go:153","msg":"websocket: close sent","serviceName":"error"}
{"time":"error","logger":"2022-03-01T10:54:39.813+0800","stacktrace":"D:/go_path/go_practise/demo/robot_demo/bootstrap/websocket/websockett_connect.go:153","msg":"websocket: close sent","serviceName":"error"}
{"time":"error","logger":"2022-03-01T10:54:44.814+0800","stacktrace":"D:/go_path/go_practise/demo/robot_demo/bootstrap/websocket/websockett_connect.go:153","msg":"websocket: close sent","serviceName":"error"}
{"time":"error","logger":"2022-03-01T10:54:49.815+0800","stacktrace":"D:/go_path/go_practise/demo/robot_demo/bootstrap/websocket/websockett_connect.go:153","msg":"websocket: close sent","serviceName":"error"}
{"time":"error","logger":"2022-03-01T10:54:54.815+0800","stacktrace":"D:/go_path/go_practise/demo/robot_demo/bootstrap/websocket/websockett_connect.go:153","msg":"websocket: close sent","serviceName":"error"}
{"time":"error","logger":"2022-03-01T10:54:59.804+0800","stacktrace":"D:/go_path/go_practise/demo/robot_demo/bootstrap/websocket/websockett_connect.go:153","msg":"websocket: close sent","serviceName":"error"}
{"time":"error","logger":"2022-03-01T10:55:04.812+0800","stacktrace":"D:/go_path/go_practise/demo/robot_demo/bootstrap/websocket/websockett_connect.go:153","msg":"websocket: close sent","serviceName":"error"}
{"time":"error","logger":"2022-03-01T10:55:09.810+0800","stacktrace":"D:/go_path/go_practise/demo/robot_demo/bootstrap/websocket/websockett_connect.go:153","msg":"websocket: close sent","serviceName":"error"}
{"time":"error","logger":"2022-03-01T10:55:14.815+0800","stacktrace":"D:/go_path/go_practise/demo/robot_demo/bootstrap/websocket/websockett_connect.go:153","msg":"websocket: close sent","serviceName":"error"}
{"time":"error","logger":"2022-03-01T10:55:19.816+0800","stacktrace":"D:/go_path/go_practise/demo/robot_demo/bootstrap/websocket/websockett_connect.go:153","msg":"websocket: close sent","serviceName":"error"}
{"time":"error","logger":"2022-03-01T10:55:24.812+0800","stacktrace":"D:/go_path/go_practise/demo/robot_demo/bootstrap/websocket/websockett_connect.go:153","msg":"websocket: close sent","serviceName":"error"}
{"time":"error","logger":"2022-03-01T10:55:29.804+0800","stacktrace":"D:/go_path/go_practise/demo/robot_demo/bootstrap/websocket/websockett_connect.go:153","msg":"websocket: close sent","serviceName":"error"}
{"time":"error","logger":"2022-03-01T10:55:34.807+0800","stacktrace":"D:/go_path/go_practise/demo/robot_demo/bootstrap/websocket/websockett_connect.go:153","msg":"websocket: close sent","serviceName":"error"}
{"time":"error","logger":"2022-03-01T10:55:39.805+0800","stacktrace":"D:/go_path/go_practise/demo/robot_demo/bootstrap/websocket/websockett_connect.go:153","msg":"websocket: close sent","serviceName":"error"}
{"time":"error","logger":"2022-03-01T10:55:44.805+0800","stacktrace":"D:/go_path/go_practise/demo/robot_demo/bootstrap/websocket/websockett_connect.go:153","msg":"websocket: close sent","serviceName":"error"}
{"time":"error","logger":"2022-03-01T10:55:49.815+0800","stacktrace":"D:/go_path/go_practise/demo/robot_demo/bootstrap/websocket/websockett_connect.go:153","msg":"websocket: close sent","serviceName":"error"}
{"time":"error","logger":"2022-03-01T10:55:54.803+0800","stacktrace":"D:/go_path/go_practise/demo/robot_demo/bootstrap/websocket/websockett_connect.go:153","msg":"websocket: close sent","serviceName":"error"}
{"time":"error","logger":"2022-03-01T10:55:59.802+0800","stacktrace":"D:/go_path/go_practise/demo/robot_demo/bootstrap/websocket/websockett_connect.go:153","msg":"websocket: close sent","serviceName":"error"}
{"time":"error","logger":"2022-03-01T10:56:04.810+0800","stacktrace":"D:/go_path/go_practise/demo/robot_demo/bootstrap/websocket/websockett_connect.go:153","msg":"websocket: close sent","serviceName":"error"}
{"time":"error","logger":"2022-03-01T10:56:09.814+0800","stacktrace":"D:/go_path/go_practise/demo/robot_demo/bootstrap/websocket/websockett_connect.go:153","msg":"websocket: close sent","serviceName":"error"}
{"time":"error","logger":"2022-03-01T10:56:14.801+0800","stacktrace":"D:/go_path/go_practise/demo/robot_demo/bootstrap/websocket/websockett_connect.go:153","msg":"websocket: close sent","serviceName":"error"}
{"time":"error","logger":"2022-03-01T10:56:19.816+0800","stacktrace":"D:/go_path/go_practise/demo/robot_demo/bootstrap/websocket/websockett_connect.go:153","msg":"websocket: close sent","serviceName":"error"}
{"time":"error","logger":"2022-03-01T10:56:24.804+0800","stacktrace":"D:/go_path/go_practise/demo/robot_demo/bootstrap/websocket/websockett_connect.go:153","msg":"websocket: close sent","serviceName":"error"}
{"time":"error","logger":"2022-03-01T10:56:29.812+0800","stacktrace":"D:/go_path/go_practise/demo/robot_demo/bootstrap/websocket/websockett_connect.go:153","msg":"websocket: close sent","serviceName":"error"}
{"time":"error","logger":"2022-03-01T10:56:34.811+0800","stacktrace":"D:/go_path/go_practise/demo/robot_demo/bootstrap/websocket/websockett_connect.go:153","msg":"websocket: close sent","serviceName":"error"}
{"time":"error","logger":"2022-03-01T10:56:39.812+0800","stacktrace":"D:/go_path/go_practise/demo/robot_demo/bootstrap/websocket/websockett_connect.go:153","msg":"websocket: close sent","serviceName":"error"}
{"time":"error","logger":"2022-03-01T10:56:44.809+0800","stacktrace":"D:/go_path/go_practise/demo/robot_demo/bootstrap/websocket/websockett_connect.go:153","msg":"websocket: close sent","serviceName":"error"}
{"time":"error","logger":"2022-03-01T10:56:49.811+0800","stacktrace":"D:/go_path/go_practise/demo/robot_demo/bootstrap/websocket/websockett_connect.go:153","msg":"websocket: close sent","serviceName":"error"}
{"time":"error","logger":"2022-03-01T10:56:54.803+0800","stacktrace":"D:/go_path/go_practise/demo/robot_demo/bootstrap/websocket/websockett_connect.go:153","msg":"websocket: close sent","serviceName":"error"}
{"time":"error","logger":"2022-03-01T10:56:59.807+0800","stacktrace":"D:/go_path/go_practise/demo/robot_demo/bootstrap/websocket/websockett_connect.go:153","msg":"websocket: close sent","serviceName":"error"}
{"time":"error","logger":"2022-03-01T10:57:04.806+0800","stacktrace":"D:/go_path/go_practise/demo/robot_demo/bootstrap/websocket/websockett_connect.go:153","msg":"websocket: close sent","serviceName":"error"}
{"time":"error","logger":"2022-03-01T10:57:09.811+0800","stacktrace":"D:/go_path/go_practise/demo/robot_demo/bootstrap/websocket/websockett_connect.go:153","msg":"websocket: close sent","serviceName":"error"}
{"time":"error","logger":"2022-03-01T10:57:14.813+0800","stacktrace":"D:/go_path/go_practise/demo/robot_demo/bootstrap/websocket/websockett_connect.go:153","msg":"websocket: close sent","serviceName":"error"}
{"time":"error","logger":"2022-03-01T10:57:19.806+0800","stacktrace":"D:/go_path/go_practise/demo/robot_demo/bootstrap/websocket/websockett_connect.go:153","msg":"websocket: close sent","serviceName":"error"}
{"time":"error","logger":"2022-03-01T10:57:24.804+0800","stacktrace":"D:/go_path/go_practise/demo/robot_demo/bootstrap/websocket/websockett_connect.go:153","msg":"websocket: close sent","serviceName":"error"}
{"time":"error","logger":"2022-03-01T10:57:29.814+0800","stacktrace":"D:/go_path/go_practise/demo/robot_demo/bootstrap/websocket/websockett_connect.go:153","msg":"websocket: close sent","serviceName":"error"}
{"time":"error","logger":"2022-03-01T10:57:34.816+0800","stacktrace":"D:/go_path/go_practise/demo/robot_demo/bootstrap/websocket/websockett_connect.go:153","msg":"websocket: close sent","serviceName":"error"}
{"time":"error","logger":"2022-03-01T10:57:39.810+0800","stacktrace":"D:/go_path/go_practise/demo/robot_demo/bootstrap/websocket/websockett_connect.go:153","msg":"websocket: close sent","serviceName":"error"}
{"time":"error","logger":"2022-03-01T10:57:44.815+0800","stacktrace":"D:/go_path/go_practise/demo/robot_demo/bootstrap/websocket/websockett_connect.go:153","msg":"websocket: close sent","serviceName":"error"}
{"time":"error","logger":"2022-03-01T10:57:49.815+0800","stacktrace":"D:/go_path/go_practise/demo/robot_demo/bootstrap/websocket/websockett_connect.go:153","msg":"websocket: close sent","serviceName":"error"}
{"time":"error","logger":"2022-03-01T10:57:54.811+0800","stacktrace":"D:/go_path/go_practise/demo/robot_demo/bootstrap/websocket/websockett_connect.go:153","msg":"websocket: close sent","serviceName":"error"}
{"time":"error","logger":"2022-03-01T10:57:59.812+0800","stacktrace":"D:/go_path/go_practise/demo/robot_demo/bootstrap/websocket/websockett_connect.go:153","msg":"websocket: close sent","serviceName":"error"}
{"time":"error","logger":"2022-03-01T10:58:04.808+0800","stacktrace":"D:/go_path/go_practise/demo/robot_demo/bootstrap/websocket/websockett_connect.go:153","msg":"websocket: close sent","serviceName":"error"}
{"time":"error","logger":"2022-03-01T10:58:09.812+0800","stacktrace":"D:/go_path/go_practise/demo/robot_demo/bootstrap/websocket/websockett_connect.go:153","msg":"websocket: close sent","serviceName":"error"}
{"time":"error","logger":"2022-03-01T10:58:14.806+0800","stacktrace":"D:/go_path/go_practise/demo/robot_demo/bootstrap/websocket/websockett_connect.go:153","msg":"websocket: close sent","serviceName":"error"}
{"time":"error","logger":"2022-03-01T10:58:19.804+0800","stacktrace":"D:/go_path/go_practise/demo/robot_demo/bootstrap/websocket/websockett_connect.go:153","msg":"websocket: close sent","serviceName":"error"}
{"time":"error","logger":"2022-03-01T10:58:24.812+0800","stacktrace":"D:/go_path/go_practise/demo/robot_demo/bootstrap/websocket/websockett_connect.go:153","msg":"websocket: close sent","serviceName":"error"}
{"time":"error","logger":"2022-03-01T10:58:29.812+0800","stacktrace":"D:/go_path/go_practise/demo/robot_demo/bootstrap/websocket/websockett_connect.go:153","msg":"websocket: close sent","serviceName":"error"}
{"time":"error","logger":"2022-03-01T10:58:34.815+0800","stacktrace":"D:/go_path/go_practise/demo/robot_demo/bootstrap/websocket/websockett_connect.go:153","msg":"websocket: close sent","serviceName":"error"}
{"time":"error","logger":"2022-03-01T10:58:39.802+0800","stacktrace":"D:/go_path/go_practise/demo/robot_demo/bootstrap/websocket/websockett_connect.go:153","msg":"websocket: close sent","serviceName":"error"}
{"time":"error","logger":"2022-03-01T10:58:44.814+0800","stacktrace":"D:/go_path/go_practise/demo/robot_demo/bootstrap/websocket/websockett_connect.go:153","msg":"websocket: close sent","serviceName":"error"}
{"time":"error","logger":"2022-03-01T10:58:49.815+0800","stacktrace":"D:/go_path/go_practise/demo/robot_demo/bootstrap/websocket/websockett_connect.go:153","msg":"websocket: close sent","serviceName":"error"}
{"time":"error","logger":"2022-03-01T10:58:54.805+0800","stacktrace":"D:/go_path/go_practise/demo/robot_demo/bootstrap/websocket/websockett_connect.go:153","msg":"websocket: close sent","serviceName":"error"}
{"time":"error","logger":"2022-03-01T10:58:59.805+0800","stacktrace":"D:/go_path/go_practise/demo/robot_demo/bootstrap/websocket/websockett_connect.go:153","msg":"websocket: close sent","serviceName":"error"}
{"time":"error","logger":"2022-03-01T10:59:04.807+0800","stacktrace":"D:/go_path/go_practise/demo/robot_demo/bootstrap/websocket/websockett_connect.go:153","msg":"websocket: close sent","serviceName":"error"}
{"time":"error","logger":"2022-03-01T10:59:09.807+0800","stacktrace":"D:/go_path/go_practise/demo/robot_demo/bootstrap/websocket/websockett_connect.go:153","msg":"websocket: close sent","serviceName":"error"}
{"time":"error","logger":"2022-03-01T10:59:14.803+0800","stacktrace":"D:/go_path/go_practise/demo/robot_demo/bootstrap/websocket/websockett_connect.go:153","msg":"websocket: close sent","serviceName":"error"}
{"time":"error","logger":"2022-03-01T10:59:19.809+0800","stacktrace":"D:/go_path/go_practise/demo/robot_demo/bootstrap/websocket/websockett_connect.go:153","msg":"websocket: close sent","serviceName":"error"}
{"time":"error","logger":"2022-03-01T10:59:24.812+0800","stacktrace":"D:/go_path/go_practise/demo/robot_demo/bootstrap/websocket/websockett_connect.go:153","msg":"websocket: close sent","serviceName":"error"}
{"time":"error","logger":"2022-03-01T10:59:29.807+0800","stacktrace":"D:/go_path/go_practise/demo/robot_demo/bootstrap/websocket/websockett_connect.go:153","msg":"websocket: close sent","serviceName":"error"}
{"time":"error","logger":"2022-03-01T10:59:34.803+0800","stacktrace":"D:/go_path/go_practise/demo/robot_demo/bootstrap/websocket/websockett_connect.go:153","msg":"websocket: close sent","serviceName":"error"}
{"time":"error","logger":"2022-03-01T10:59:39.811+0800","stacktrace":"D:/go_path/go_practise/demo/robot_demo/bootstrap/websocket/websockett_connect.go:153","msg":"websocket: close sent","serviceName":"error"}
{"time":"error","logger":"2022-03-01T10:59:44.807+0800","stacktrace":"D:/go_path/go_practise/demo/robot_demo/bootstrap/websocket/websockett_connect.go:153","msg":"websocket: close sent","serviceName":"error"}
{"time":"error","logger":"2022-03-01T10:59:49.808+0800","stacktrace":"D:/go_path/go_practise/demo/robot_demo/bootstrap/websocket/websockett_connect.go:153","msg":"websocket: close sent","serviceName":"error"}
{"time":"error","logger":"2022-03-01T10:59:54.804+0800","stacktrace":"D:/go_path/go_practise/demo/robot_demo/bootstrap/websocket/websockett_connect.go:153","msg":"websocket: close sent","serviceName":"error"}
{"time":"error","logger":"2022-03-01T10:59:59.811+0800","stacktrace":"D:/go_path/go_practise/demo/robot_demo/bootstrap/websocket/websockett_connect.go:153","msg":"websocket: close sent","serviceName":"error"}
{"time":"error","logger":"2022-03-01T11:00:04.815+0800","stacktrace":"D:/go_path/go_practise/demo/robot_demo/bootstrap/websocket/websockett_connect.go:153","msg":"websocket: close sent","serviceName":"error"}
{"time":"error","logger":"2022-03-01T11:00:09.808+0800","stacktrace":"D:/go_path/go_practise/demo/robot_demo/bootstrap/websocket/websockett_connect.go:153","msg":"websocket: close sent","serviceName":"error"}
{"time":"error","logger":"2022-03-01T11:00:14.808+0800","stacktrace":"D:/go_path/go_practise/demo/robot_demo/bootstrap/websocket/websockett_connect.go:153","msg":"websocket: close sent","serviceName":"error"}
{"time":"error","logger":"2022-03-01T11:00:19.809+0800","stacktrace":"D:/go_path/go_practise/demo/robot_demo/bootstrap/websocket/websockett_connect.go:153","msg":"websocket: close sent","serviceName":"error"}
{"time":"error","logger":"2022-03-01T11:00:24.806+0800","stacktrace":"D:/go_path/go_practise/demo/robot_demo/bootstrap/websocket/websockett_connect.go:153","msg":"websocket: close sent","serviceName":"error"}
{"time":"error","logger":"2022-03-01T11:00:29.807+0800","stacktrace":"D:/go_path/go_practise/demo/robot_demo/bootstrap/websocket/websockett_connect.go:153","msg":"websocket: close sent","serviceName":"error"}
{"time":"error","logger":"2022-03-01T11:00:34.801+0800","stacktrace":"D:/go_path/go_practise/demo/robot_demo/bootstrap/websocket/websockett_connect.go:153","msg":"websocket: close sent","serviceName":"error"}
{"time":"error","logger":"2022-03-01T11:00:39.810+0800","stacktrace":"D:/go_path/go_practise/demo/robot_demo/bootstrap/websocket/websockett_connect.go:153","msg":"websocket: close sent","serviceName":"error"}
{"time":"error","logger":"2022-03-01T11:00:44.810+0800","stacktrace":"D:/go_path/go_practise/demo/robot_demo/bootstrap/websocket/websockett_connect.go:153","msg":"websocket: close sent","serviceName":"error"}
{"time":"error","logger":"2022-03-01T11:00:49.808+0800","stacktrace":"D:/go_path/go_practise/demo/robot_demo/bootstrap/websocket/websockett_connect.go:153","msg":"websocket: close sent","serviceName":"error"}
{"time":"error","logger":"2022-03-01T11:00:54.803+0800","stacktrace":"D:/go_path/go_practise/demo/robot_demo/bootstrap/websocket/websockett_connect.go:153","msg":"websocket: close sent","serviceName":"error"}
{"time":"error","logger":"2022-03-01T11:00:59.807+0800","stacktrace":"D:/go_path/go_practise/demo/robot_demo/bootstrap/websocket/websockett_connect.go:153","msg":"websocket: close sent","serviceName":"error"}
{"time":"error","logger":"2022-03-01T11:01:04.807+0800","stacktrace":"D:/go_path/go_practise/demo/robot_demo/bootstrap/websocket/websockett_connect.go:153","msg":"websocket: close sent","serviceName":"error"}
{"time":"error","logger":"2022-03-01T11:01:09.802+0800","stacktrace":"D:/go_path/go_practise/demo/robot_demo/bootstrap/websocket/websockett_connect.go:153","msg":"websocket: close sent","serviceName":"error"}
{"time":"error","logger":"2022-03-01T11:01:14.807+0800","stacktrace":"D:/go_path/go_practise/demo/robot_demo/bootstrap/websocket/websockett_connect.go:153","msg":"websocket: close sent","serviceName":"error"}
{"time":"error","logger":"2022-03-01T11:01:19.813+0800","stacktrace":"D:/go_path/go_practise/demo/robot_demo/bootstrap/websocket/websockett_connect.go:153","msg":"websocket: close sent","serviceName":"error"}
{"time":"error","logger":"2022-03-01T11:01:24.811+0800","stacktrace":"D:/go_path/go_practise/demo/robot_demo/bootstrap/websocket/websockett_connect.go:153","msg":"websocket: close sent","serviceName":"error"}
{"time":"error","logger":"2022-03-01T11:01:29.811+0800","stacktrace":"D:/go_path/go_practise/demo/robot_demo/bootstrap/websocket/websockett_connect.go:153","msg":"websocket: close sent","serviceName":"error"}
{"time":"error","logger":"2022-03-01T11:01:34.814+0800","stacktrace":"D:/go_path/go_practise/demo/robot_demo/bootstrap/websocket/websockett_connect.go:153","msg":"websocket: close sent","serviceName":"error"}
{"time":"error","logger":"2022-03-01T11:01:39.807+0800","stacktrace":"D:/go_path/go_practise/demo/robot_demo/bootstrap/websocket/websockett_connect.go:153","msg":"websocket: close sent","serviceName":"error"}
{"time":"error","logger":"2022-03-01T11:01:44.803+0800","stacktrace":"D:/go_path/go_practise/demo/robot_demo/bootstrap/websocket/websockett_connect.go:153","msg":"websocket: close sent","serviceName":"error"}
{"time":"error","logger":"2022-03-01T11:01:49.803+0800","stacktrace":"D:/go_path/go_practise/demo/robot_demo/bootstrap/websocket/websockett_connect.go:153","msg":"websocket: close sent","serviceName":"error"}
{"time":"error","logger":"2022-03-01T11:01:54.802+0800","stacktrace":"D:/go_path/go_practise/demo/robot_demo/bootstrap/websocket/websockett_connect.go:153","msg":"websocket: close sent","serviceName":"error"}
{"time":"error","logger":"2022-03-01T11:01:59.809+0800","stacktrace":"D:/go_path/go_practise/demo/robot_demo/bootstrap/websocket/websockett_connect.go:153","msg":"websocket: close sent","serviceName":"error"}
{"time":"error","logger":"2022-03-01T11:02:04.809+0800","stacktrace":"D:/go_path/go_practise/demo/robot_demo/bootstrap/websocket/websockett_connect.go:153","msg":"websocket: close sent","serviceName":"error"}
{"time":"error","logger":"2022-03-01T11:02:09.805+0800","stacktrace":"D:/go_path/go_practise/demo/robot_demo/bootstrap/websocket/websockett_connect.go:153","msg":"websocket: close sent","serviceName":"error"}
{"time":"error","logger":"2022-03-01T11:02:14.806+0800","stacktrace":"D:/go_path/go_practise/demo/robot_demo/bootstrap/websocket/websockett_connect.go:153","msg":"websocket: close sent","serviceName":"error"}
{"time":"error","logger":"2022-03-01T11:02:19.808+0800","stacktrace":"D:/go_path/go_practise/demo/robot_demo/bootstrap/websocket/websockett_connect.go:153","msg":"websocket: close sent","serviceName":"error"}
{"time":"error","logger":"2022-03-01T11:02:24.807+0800","stacktrace":"D:/go_path/go_practise/demo/robot_demo/bootstrap/websocket/websockett_connect.go:153","msg":"websocket: close sent","serviceName":"error"}
{"time":"error","logger":"2022-03-01T11:02:29.811+0800","stacktrace":"D:/go_path/go_practise/demo/robot_demo/bootstrap/websocket/websockett_connect.go:153","msg":"websocket: close sent","serviceName":"error"}
{"time":"error","logger":"2022-03-01T11:02:34.809+0800","stacktrace":"D:/go_path/go_practise/demo/robot_demo/bootstrap/websocket/websockett_connect.go:153","msg":"websocket: close sent","serviceName":"error"}
{"time":"error","logger":"2022-03-01T11:02:39.813+0800","stacktrace":"D:/go_path/go_practise/demo/robot_demo/bootstrap/websocket/websockett_connect.go:153","msg":"websocket: close sent","serviceName":"error"}
{"time":"error","logger":"2022-03-01T11:02:44.801+0800","stacktrace":"D:/go_path/go_practise/demo/robot_demo/bootstrap/websocket/websockett_connect.go:153","msg":"websocket: close sent","serviceName":"error"}
{"time":"error","logger":"2022-03-01T11:02:49.803+0800","stacktrace":"D:/go_path/go_practise/demo/robot_demo/bootstrap/websocket/websockett_connect.go:153","msg":"websocket: close sent","serviceName":"error"}
{"time":"error","logger":"2022-03-01T11:02:54.805+0800","stacktrace":"D:/go_path/go_practise/demo/robot_demo/bootstrap/websocket/websockett_connect.go:153","msg":"websocket: close sent","serviceName":"error"}
{"time":"error","logger":"2022-03-01T11:02:59.802+0800","stacktrace":"D:/go_path/go_practise/demo/robot_demo/bootstrap/websocket/websockett_connect.go:153","msg":"websocket: close sent","serviceName":"error"}
{"time":"error","logger":"2022-03-01T11:03:04.809+0800","stacktrace":"D:/go_path/go_practise/demo/robot_demo/bootstrap/websocket/websockett_connect.go:153","msg":"websocket: close sent","serviceName":"error"}
{"time":"error","logger":"2022-03-01T11:03:09.811+0800","stacktrace":"D:/go_path/go_practise/demo/robot_demo/bootstrap/websocket/websockett_connect.go:153","msg":"websocket: close sent","serviceName":"error"}
{"time":"error","logger":"2022-03-01T11:03:14.804+0800","stacktrace":"D:/go_path/go_practise/demo/robot_demo/bootstrap/websocket/websockett_connect.go:153","msg":"websocket: close sent","serviceName":"error"}
{"time":"error","logger":"2022-03-01T11:03:19.810+0800","stacktrace":"D:/go_path/go_practise/demo/robot_demo/bootstrap/websocket/websockett_connect.go:153","msg":"websocket: close sent","serviceName":"error"}
{"time":"error","logger":"2022-03-01T11:03:24.804+0800","stacktrace":"D:/go_path/go_practise/demo/robot_demo/bootstrap/websocket/websockett_connect.go:153","msg":"websocket: close sent","serviceName":"error"}
{"time":"error","logger":"2022-03-01T11:03:29.806+0800","stacktrace":"D:/go_path/go_practise/demo/robot_demo/bootstrap/websocket/websockett_connect.go:153","msg":"websocket: close sent","serviceName":"error"}
{"time":"error","logger":"2022-03-01T11:03:34.802+0800","stacktrace":"D:/go_path/go_practise/demo/robot_demo/bootstrap/websocket/websockett_connect.go:153","msg":"websocket: close sent","serviceName":"error"}
{"time":"error","logger":"2022-03-01T11:03:39.804+0800","stacktrace":"D:/go_path/go_practise/demo/robot_demo/bootstrap/websocket/websockett_connect.go:153","msg":"websocket: close sent","serviceName":"error"}
{"time":"error","logger":"2022-03-01T11:03:44.808+0800","stacktrace":"D:/go_path/go_practise/demo/robot_demo/bootstrap/websocket/websockett_connect.go:153","msg":"websocket: close sent","serviceName":"error"}
{"time":"error","logger":"2022-03-01T11:03:49.812+0800","stacktrace":"D:/go_path/go_practise/demo/robot_demo/bootstrap/websocket/websockett_connect.go:153","msg":"websocket: close sent","serviceName":"error"}
{"time":"error","logger":"2022-03-01T11:03:54.810+0800","stacktrace":"D:/go_path/go_practise/demo/robot_demo/bootstrap/websocket/websockett_connect.go:153","msg":"websocket: close sent","serviceName":"error"}
{"time":"error","logger":"2022-03-01T11:03:59.812+0800","stacktrace":"D:/go_path/go_practise/demo/robot_demo/bootstrap/websocket/websockett_connect.go:153","msg":"websocket: close sent","serviceName":"error"}
{"time":"error","logger":"2022-03-01T11:04:04.813+0800","stacktrace":"D:/go_path/go_practise/demo/robot_demo/bootstrap/websocket/websockett_connect.go:153","msg":"websocket: close sent","serviceName":"error"}
{"time":"error","logger":"2022-03-01T11:04:09.815+0800","stacktrace":"D:/go_path/go_practise/demo/robot_demo/bootstrap/websocket/websockett_connect.go:153","msg":"websocket: close sent","serviceName":"error"}
{"time":"error","logger":"2022-03-01T11:04:14.801+0800","stacktrace":"D:/go_path/go_practise/demo/robot_demo/bootstrap/websocket/websockett_connect.go:153","msg":"websocket: close sent","serviceName":"error"}
{"time":"error","logger":"2022-03-01T11:04:19.802+0800","stacktrace":"D:/go_path/go_practise/demo/robot_demo/bootstrap/websocket/websockett_connect.go:153","msg":"websocket: close sent","serviceName":"error"}
{"time":"error","logger":"2022-03-01T11:04:24.804+0800","stacktrace":"D:/go_path/go_practise/demo/robot_demo/bootstrap/websocket/websockett_connect.go:153","msg":"websocket: close sent","serviceName":"error"}
{"time":"error","logger":"2022-03-01T11:04:29.806+0800","stacktrace":"D:/go_path/go_practise/demo/robot_demo/bootstrap/websocket/websockett_connect.go:153","msg":"websocket: close sent","serviceName":"error"}
{"time":"error","logger":"2022-03-01T11:04:34.808+0800","stacktrace":"D:/go_path/go_practise/demo/robot_demo/bootstrap/websocket/websockett_connect.go:153","msg":"websocket: close sent","serviceName":"error"}
{"time":"error","logger":"2022-03-01T11:04:39.810+0800","stacktrace":"D:/go_path/go_practise/demo/robot_demo/bootstrap/websocket/websockett_connect.go:153","msg":"websocket: close sent","serviceName":"error"}
{"time":"error","logger":"2022-03-01T11:04:44.811+0800","stacktrace":"D:/go_path/go_practise/demo/robot_demo/bootstrap/websocket/websockett_connect.go:153","msg":"websocket: close sent","serviceName":"error"}
{"time":"error","logger":"2022-03-01T11:04:49.813+0800","stacktrace":"D:/go_path/go_practise/demo/robot_demo/bootstrap/websocket/websockett_connect.go:153","msg":"websocket: close sent","serviceName":"error"}
{"time":"error","logger":"2022-03-01T11:04:54.815+0800","stacktrace":"D:/go_path/go_practise/demo/robot_demo/bootstrap/websocket/websockett_connect.go:153","msg":"websocket: close sent","serviceName":"error"}
{"time":"error","logger":"2022-03-01T11:04:59.803+0800","stacktrace":"D:/go_path/go_practise/demo/robot_demo/bootstrap/websocket/websockett_connect.go:153","msg":"websocket: close sent","serviceName":"error"}
{"time":"error","logger":"2022-03-01T11:05:04.805+0800","stacktrace":"D:/go_path/go_practise/demo/robot_demo/bootstrap/websocket/websockett_connect.go:153","msg":"websocket: close sent","serviceName":"error"}
{"time":"error","logger":"2022-03-01T11:05:09.807+0800","stacktrace":"D:/go_path/go_practise/demo/robot_demo/bootstrap/websocket/websockett_connect.go:153","msg":"websocket: close sent","serviceName":"error"}
{"time":"error","logger":"2022-03-01T11:05:14.809+0800","stacktrace":"D:/go_path/go_practise/demo/robot_demo/bootstrap/websocket/websockett_connect.go:153","msg":"websocket: close sent","serviceName":"error"}
{"time":"error","logger":"2022-03-01T11:05:19.811+0800","stacktrace":"D:/go_path/go_practise/demo/robot_demo/bootstrap/websocket/websockett_connect.go:153","msg":"websocket: close sent","serviceName":"error"}
{"time":"error","logger":"2022-03-01T11:05:24.812+0800","stacktrace":"D:/go_path/go_practise/demo/robot_demo/bootstrap/websocket/websockett_connect.go:153","msg":"websocket: close sent","serviceName":"error"}
{"time":"error","logger":"2022-03-01T11:05:29.814+0800","stacktrace":"D:/go_path/go_practise/demo/robot_demo/bootstrap/websocket/websockett_connect.go:153","msg":"websocket: close sent","serviceName":"error"}
{"time":"error","logger":"2022-03-01T11:35:41.871+0800","stacktrace":"D:/go_path/go_practise/demo/robot_demo/bootstrap/websocket/websockett_connect.go:154","msg":"websocket: close sent","serviceName":"error"}
{"time":"error","logger":"2022-03-01T11:35:46.859+0800","stacktrace":"D:/go_path/go_practise/demo/robot_demo/bootstrap/websocket/websockett_connect.go:154","msg":"websocket: close sent","serviceName":"error"}
{"time":"error","logger":"2022-03-01T11:35:51.862+0800","stacktrace":"D:/go_path/go_practise/demo/robot_demo/bootstrap/websocket/websockett_connect.go:154","msg":"websocket: close sent","serviceName":"error"}
{"time":"error","logger":"2022-03-01T11:35:56.863+0800","stacktrace":"D:/go_path/go_practise/demo/robot_demo/bootstrap/websocket/websockett_connect.go:154","msg":"websocket: close sent","serviceName":"error"}
{"time":"error","logger":"2022-03-01T11:36:01.859+0800","stacktrace":"D:/go_path/go_practise/demo/robot_demo/bootstrap/websocket/websockett_connect.go:154","msg":"websocket: close sent","serviceName":"error"}
{"time":"error","logger":"2022-03-01T11:36:06.866+0800","stacktrace":"D:/go_path/go_practise/demo/robot_demo/bootstrap/websocket/websockett_connect.go:154","msg":"websocket: close sent","serviceName":"error"}
{"time":"error","logger":"2022-03-01T11:36:11.872+0800","stacktrace":"D:/go_path/go_practise/demo/robot_demo/bootstrap/websocket/websockett_connect.go:154","msg":"websocket: close sent","serviceName":"error"}
{"time":"error","logger":"2022-03-01T11:36:16.859+0800","stacktrace":"D:/go_path/go_practise/demo/robot_demo/bootstrap/websocket/websockett_connect.go:154","msg":"websocket: close sent","serviceName":"error"}
{"time":"error","logger":"2022-03-01T11:36:21.864+0800","stacktrace":"D:/go_path/go_practise/demo/robot_demo/bootstrap/websocket/websockett_connect.go:154","msg":"websocket: close sent","serviceName":"error"}
{"time":"error","logger":"2022-03-01T14:29:09.630+0800","stacktrace":"D:/go_path/go_practise/demo/robot_demo/bootstrap/websocket/websockett_connect.go:70","msg":"read:websocket: close 4008: Rate limited","serviceName":"error"}
{"time":"error","logger":"2022-03-01T14:39:59.642+0800","stacktrace":"D:/go_path/go_practise/demo/robot_demo/bootstrap/websocket/websockett_connect.go:70","msg":"read:websocket: close 4008: Rate limited","serviceName":"error"}
